time="2022-07-28T12:05:57-04:00" level=debug msg="OpenShift Installer 4.10.3"
time="2022-07-28T12:05:57-04:00" level=debug msg="Built from commit 3b701903d96b6375f6c3852a02b4b70fea01d694"
time="2022-07-28T12:05:57-04:00" level=debug msg="Fetching Kubeconfig Admin Client..."
time="2022-07-28T12:05:57-04:00" level=debug msg="Loading Kubeconfig Admin Client..."
time="2022-07-28T12:05:57-04:00" level=debug msg="  Loading Certificate (admin-kubeconfig-client)..."
time="2022-07-28T12:05:57-04:00" level=debug msg="    Loading Certificate (admin-kubeconfig-signer)..."
time="2022-07-28T12:05:57-04:00" level=debug msg="  Loading Certificate (kube-apiserver-complete-server-ca-bundle)..."
time="2022-07-28T12:05:57-04:00" level=debug msg="    Loading Certificate (kube-apiserver-localhost-ca-bundle)..."
time="2022-07-28T12:05:57-04:00" level=debug msg="      Loading Certificate (kube-apiserver-localhost-signer)..."
time="2022-07-28T12:05:57-04:00" level=debug msg="    Loading Certificate (kube-apiserver-service-network-ca-bundle)..."
time="2022-07-28T12:05:57-04:00" level=debug msg="      Loading Certificate (kube-apiserver-service-network-signer)..."
time="2022-07-28T12:05:57-04:00" level=debug msg="    Loading Certificate (kube-apiserver-lb-ca-bundle)..."
time="2022-07-28T12:05:57-04:00" level=debug msg="      Loading Certificate (kube-apiserver-lb-signer)..."
time="2022-07-28T12:05:57-04:00" level=debug msg="  Loading Install Config..."
time="2022-07-28T12:05:57-04:00" level=debug msg="    Loading SSH Key..."
time="2022-07-28T12:05:57-04:00" level=debug msg="    Loading Base Domain..."
time="2022-07-28T12:05:57-04:00" level=debug msg="      Loading Platform..."
time="2022-07-28T12:05:57-04:00" level=debug msg="    Loading Cluster Name..."
time="2022-07-28T12:05:57-04:00" level=debug msg="      Loading Base Domain..."
time="2022-07-28T12:05:57-04:00" level=debug msg="      Loading Platform..."
time="2022-07-28T12:05:57-04:00" level=debug msg="    Loading Networking..."
time="2022-07-28T12:05:57-04:00" level=debug msg="      Loading Platform..."
time="2022-07-28T12:05:57-04:00" level=debug msg="    Loading Pull Secret..."
time="2022-07-28T12:05:57-04:00" level=debug msg="    Loading Platform..."
time="2022-07-28T12:05:57-04:00" level=debug msg="  Using Install Config loaded from target directory"
time="2022-07-28T12:05:57-04:00" level=debug msg="  Fetching Certificate (admin-kubeconfig-client)..."
time="2022-07-28T12:05:57-04:00" level=debug msg="    Fetching Certificate (admin-kubeconfig-signer)..."
time="2022-07-28T12:05:57-04:00" level=debug msg="    Generating Certificate (admin-kubeconfig-signer)..."
time="2022-07-28T12:05:57-04:00" level=debug msg="  Generating Certificate (admin-kubeconfig-client)..."
time="2022-07-28T12:05:57-04:00" level=debug msg="  Fetching Certificate (kube-apiserver-complete-server-ca-bundle)..."
time="2022-07-28T12:05:57-04:00" level=debug msg="    Fetching Certificate (kube-apiserver-localhost-ca-bundle)..."
time="2022-07-28T12:05:57-04:00" level=debug msg="      Fetching Certificate (kube-apiserver-localhost-signer)..."
time="2022-07-28T12:05:57-04:00" level=debug msg="      Generating Certificate (kube-apiserver-localhost-signer)..."
time="2022-07-28T12:05:57-04:00" level=debug msg="    Generating Certificate (kube-apiserver-localhost-ca-bundle)..."
time="2022-07-28T12:05:57-04:00" level=debug msg="    Fetching Certificate (kube-apiserver-service-network-ca-bundle)..."
time="2022-07-28T12:05:57-04:00" level=debug msg="      Fetching Certificate (kube-apiserver-service-network-signer)..."
time="2022-07-28T12:05:57-04:00" level=debug msg="      Generating Certificate (kube-apiserver-service-network-signer)..."
time="2022-07-28T12:05:58-04:00" level=debug msg="    Generating Certificate (kube-apiserver-service-network-ca-bundle)..."
time="2022-07-28T12:05:58-04:00" level=debug msg="    Fetching Certificate (kube-apiserver-lb-ca-bundle)..."
time="2022-07-28T12:05:58-04:00" level=debug msg="      Fetching Certificate (kube-apiserver-lb-signer)..."
time="2022-07-28T12:05:58-04:00" level=debug msg="      Generating Certificate (kube-apiserver-lb-signer)..."
time="2022-07-28T12:05:58-04:00" level=debug msg="    Generating Certificate (kube-apiserver-lb-ca-bundle)..."
time="2022-07-28T12:05:58-04:00" level=debug msg="  Generating Certificate (kube-apiserver-complete-server-ca-bundle)..."
time="2022-07-28T12:05:58-04:00" level=debug msg="  Fetching Install Config..."
time="2022-07-28T12:05:58-04:00" level=debug msg="  Reusing previously-fetched Install Config"
time="2022-07-28T12:05:58-04:00" level=debug msg="Generating Kubeconfig Admin Client..."
time="2022-07-28T12:05:58-04:00" level=info msg="Consuming Install Config from target directory"
time="2022-07-28T12:05:58-04:00" level=debug msg="Purging asset \"Install Config\" from disk"
time="2022-07-28T12:05:58-04:00" level=debug msg="Fetching Kubeadmin Password..."
time="2022-07-28T12:05:58-04:00" level=debug msg="Loading Kubeadmin Password..."
time="2022-07-28T12:05:58-04:00" level=debug msg="Generating Kubeadmin Password..."
time="2022-07-28T12:05:58-04:00" level=debug msg="Fetching Master Ignition Config..."
time="2022-07-28T12:05:58-04:00" level=debug msg="Loading Master Ignition Config..."
time="2022-07-28T12:05:58-04:00" level=debug msg="  Loading Install Config..."
time="2022-07-28T12:05:58-04:00" level=debug msg="  Loading Root CA..."
time="2022-07-28T12:05:58-04:00" level=debug msg="  Fetching Install Config..."
time="2022-07-28T12:05:58-04:00" level=debug msg="  Reusing previously-fetched Install Config"
time="2022-07-28T12:05:58-04:00" level=debug msg="  Fetching Root CA..."
time="2022-07-28T12:05:58-04:00" level=debug msg="  Generating Root CA..."
time="2022-07-28T12:05:58-04:00" level=debug msg="Generating Master Ignition Config..."
time="2022-07-28T12:05:58-04:00" level=debug msg="Fetching Worker Ignition Config..."
time="2022-07-28T12:05:58-04:00" level=debug msg="Loading Worker Ignition Config..."
time="2022-07-28T12:05:58-04:00" level=debug msg="  Loading Install Config..."
time="2022-07-28T12:05:58-04:00" level=debug msg="  Loading Root CA..."
time="2022-07-28T12:05:58-04:00" level=debug msg="  Fetching Install Config..."
time="2022-07-28T12:05:58-04:00" level=debug msg="  Reusing previously-fetched Install Config"
time="2022-07-28T12:05:58-04:00" level=debug msg="  Fetching Root CA..."
time="2022-07-28T12:05:58-04:00" level=debug msg="  Reusing previously-fetched Root CA"
time="2022-07-28T12:05:58-04:00" level=debug msg="Generating Worker Ignition Config..."
time="2022-07-28T12:05:58-04:00" level=debug msg="Fetching Bootstrap Ignition Config..."
time="2022-07-28T12:05:58-04:00" level=debug msg="Loading Bootstrap Ignition Config..."
time="2022-07-28T12:05:58-04:00" level=debug msg="  Loading Ironic bootstrap credentials..."
time="2022-07-28T12:05:58-04:00" level=debug msg="  Loading Install Config..."
time="2022-07-28T12:05:58-04:00" level=debug msg="  Loading Kubeconfig Admin Internal Client..."
time="2022-07-28T12:05:58-04:00" level=debug msg="    Loading Certificate (admin-kubeconfig-client)..."
time="2022-07-28T12:05:58-04:00" level=debug msg="    Loading Certificate (kube-apiserver-complete-server-ca-bundle)..."
time="2022-07-28T12:05:58-04:00" level=debug msg="    Loading Install Config..."
time="2022-07-28T12:05:58-04:00" level=debug msg="  Loading Kubeconfig Kubelet..."
time="2022-07-28T12:05:58-04:00" level=debug msg="    Loading Certificate (kube-apiserver-complete-server-ca-bundle)..."
time="2022-07-28T12:05:58-04:00" level=debug msg="    Loading Certificate (kubelet-client)..."
time="2022-07-28T12:05:58-04:00" level=debug msg="      Loading Certificate (kubelet-bootstrap-kubeconfig-signer)..."
time="2022-07-28T12:05:58-04:00" level=debug msg="    Loading Install Config..."
time="2022-07-28T12:05:58-04:00" level=debug msg="  Loading Kubeconfig Admin Client (Loopback)..."
time="2022-07-28T12:05:58-04:00" level=debug msg="    Loading Certificate (admin-kubeconfig-client)..."
time="2022-07-28T12:05:58-04:00" level=debug msg="    Loading Certificate (kube-apiserver-localhost-ca-bundle)..."
time="2022-07-28T12:05:58-04:00" level=debug msg="    Loading Install Config..."
time="2022-07-28T12:05:58-04:00" level=debug msg="  Loading Master Ignition Customization Check..."
time="2022-07-28T12:05:58-04:00" level=debug msg="    Loading Install Config..."
time="2022-07-28T12:05:58-04:00" level=debug msg="    Loading Root CA..."
time="2022-07-28T12:05:58-04:00" level=debug msg="    Loading Master Ignition Config..."
time="2022-07-28T12:05:58-04:00" level=debug msg="  Loading Worker Ignition Customization Check..."
time="2022-07-28T12:05:58-04:00" level=debug msg="    Loading Install Config..."
time="2022-07-28T12:05:58-04:00" level=debug msg="    Loading Root CA..."
time="2022-07-28T12:05:58-04:00" level=debug msg="    Loading Worker Ignition Config..."
time="2022-07-28T12:05:58-04:00" level=debug msg="  Loading Master Machines..."
time="2022-07-28T12:05:58-04:00" level=debug msg="    Loading Cluster ID..."
time="2022-07-28T12:05:58-04:00" level=debug msg="      Loading Install Config..."
time="2022-07-28T12:05:58-04:00" level=debug msg="    Loading Platform Credentials Check..."
time="2022-07-28T12:05:58-04:00" level=debug msg="      Loading Install Config..."
time="2022-07-28T12:05:58-04:00" level=debug msg="    Loading Install Config..."
time="2022-07-28T12:05:58-04:00" level=debug msg="    Loading Image..."
time="2022-07-28T12:05:58-04:00" level=debug msg="      Loading Install Config..."
time="2022-07-28T12:05:58-04:00" level=debug msg="    Loading Master Ignition Config..."
time="2022-07-28T12:05:58-04:00" level=debug msg="  Loading Worker Machines..."
time="2022-07-28T12:05:58-04:00" level=debug msg="    Loading Cluster ID..."
time="2022-07-28T12:05:58-04:00" level=debug msg="    Loading Platform Credentials Check..."
time="2022-07-28T12:05:58-04:00" level=debug msg="    Loading Install Config..."
time="2022-07-28T12:05:58-04:00" level=debug msg="    Loading Image..."
time="2022-07-28T12:05:58-04:00" level=debug msg="    Loading Worker Ignition Config..."
time="2022-07-28T12:05:58-04:00" level=debug msg="  Loading Common Manifests..."
time="2022-07-28T12:05:58-04:00" level=debug msg="    Loading Cluster ID..."
time="2022-07-28T12:05:58-04:00" level=debug msg="    Loading Install Config..."
time="2022-07-28T12:05:58-04:00" level=debug msg="    Loading Ingress Config..."
time="2022-07-28T12:05:58-04:00" level=debug msg="      Loading Install Config..."
time="2022-07-28T12:05:58-04:00" level=debug msg="    Loading DNS Config..."
time="2022-07-28T12:05:58-04:00" level=debug msg="      Loading Install Config..."
time="2022-07-28T12:05:58-04:00" level=debug msg="      Loading Cluster ID..."
time="2022-07-28T12:05:58-04:00" level=debug msg="      Loading Platform Credentials Check..."
time="2022-07-28T12:05:58-04:00" level=debug msg="    Loading Infrastructure Config..."
time="2022-07-28T12:05:58-04:00" level=debug msg="      Loading Cluster ID..."
time="2022-07-28T12:05:58-04:00" level=debug msg="      Loading Install Config..."
time="2022-07-28T12:05:58-04:00" level=debug msg="      Loading Cloud Provider Config..."
time="2022-07-28T12:05:58-04:00" level=debug msg="        Loading Install Config..."
time="2022-07-28T12:05:58-04:00" level=debug msg="        Loading Cluster ID..."
time="2022-07-28T12:05:58-04:00" level=debug msg="        Loading Platform Credentials Check..."
time="2022-07-28T12:05:58-04:00" level=debug msg="      Loading Additional Trust Bundle Config..."
time="2022-07-28T12:05:58-04:00" level=debug msg="        Loading Install Config..."
time="2022-07-28T12:05:58-04:00" level=debug msg="    Loading Network Config..."
time="2022-07-28T12:05:58-04:00" level=debug msg="      Loading Install Config..."
time="2022-07-28T12:05:58-04:00" level=debug msg="      Loading Network CRDs..."
time="2022-07-28T12:05:58-04:00" level=debug msg="    Loading Proxy Config..."
time="2022-07-28T12:05:58-04:00" level=debug msg="      Loading Install Config..."
time="2022-07-28T12:05:58-04:00" level=debug msg="      Loading Network Config..."
time="2022-07-28T12:05:58-04:00" level=debug msg="    Loading Scheduler Config..."
time="2022-07-28T12:05:58-04:00" level=debug msg="      Loading Install Config..."
time="2022-07-28T12:05:58-04:00" level=debug msg="    Loading Image Content Source Policy..."
time="2022-07-28T12:05:58-04:00" level=debug msg="      Loading Install Config..."
time="2022-07-28T12:05:58-04:00" level=debug msg="    Loading Root CA..."
time="2022-07-28T12:05:58-04:00" level=debug msg="    Loading Certificate (mcs)..."
time="2022-07-28T12:05:58-04:00" level=debug msg="      Loading Root CA..."
time="2022-07-28T12:05:58-04:00" level=debug msg="      Loading Install Config..."
time="2022-07-28T12:05:58-04:00" level=debug msg="    Loading CVOOverrides..."
time="2022-07-28T12:05:58-04:00" level=debug msg="    Loading KubeCloudConfig..."
time="2022-07-28T12:05:58-04:00" level=debug msg="    Loading KubeSystemConfigmapRootCA..."
time="2022-07-28T12:05:58-04:00" level=debug msg="    Loading MachineConfigServerTLSSecret..."
time="2022-07-28T12:05:58-04:00" level=debug msg="    Loading OpenshiftConfigSecretPullSecret..."
time="2022-07-28T12:05:58-04:00" level=debug msg="  Loading Openshift Manifests..."
time="2022-07-28T12:05:58-04:00" level=debug msg="    Loading Install Config..."
time="2022-07-28T12:05:58-04:00" level=debug msg="    Loading Cluster ID..."
time="2022-07-28T12:05:58-04:00" level=debug msg="    Loading Kubeadmin Password..."
time="2022-07-28T12:05:58-04:00" level=debug msg="    Loading OpenShift Install (Manifests)..."
time="2022-07-28T12:05:58-04:00" level=debug msg="    Loading CloudCredsSecret..."
time="2022-07-28T12:05:58-04:00" level=debug msg="    Loading KubeadminPasswordSecret..."
time="2022-07-28T12:05:58-04:00" level=debug msg="    Loading RoleCloudCredsSecretReader..."
time="2022-07-28T12:05:58-04:00" level=debug msg="    Loading Baremetal Config CR..."
time="2022-07-28T12:05:58-04:00" level=debug msg="    Loading Image..."
time="2022-07-28T12:05:58-04:00" level=debug msg="    Loading AzureCloudProviderSecret..."
time="2022-07-28T12:05:58-04:00" level=debug msg="  Loading Proxy Config..."
time="2022-07-28T12:05:58-04:00" level=debug msg="  Loading Certificate (admin-kubeconfig-ca-bundle)..."
time="2022-07-28T12:05:58-04:00" level=debug msg="    Loading Certificate (admin-kubeconfig-signer)..."
time="2022-07-28T12:05:58-04:00" level=debug msg="  Loading Certificate (aggregator)..."
time="2022-07-28T12:05:58-04:00" level=debug msg="  Loading Certificate (aggregator-ca-bundle)..."
time="2022-07-28T12:05:58-04:00" level=debug msg="    Loading Certificate (aggregator-signer)..."
time="2022-07-28T12:05:58-04:00" level=debug msg="  Loading Certificate (system:kube-apiserver-proxy)..."
time="2022-07-28T12:05:58-04:00" level=debug msg="    Loading Certificate (aggregator-signer)..."
time="2022-07-28T12:05:58-04:00" level=debug msg="  Loading Certificate (aggregator-signer)..."
time="2022-07-28T12:05:58-04:00" level=debug msg="  Loading Certificate (system:kube-apiserver-proxy)..."
time="2022-07-28T12:05:58-04:00" level=debug msg="    Loading Certificate (aggregator)..."
time="2022-07-28T12:05:58-04:00" level=debug msg="  Loading Bootstrap SSH Key Pair..."
time="2022-07-28T12:05:58-04:00" level=debug msg="  Loading User-provided Service Account Signing key..."
time="2022-07-28T12:05:58-04:00" level=debug msg="  Loading Cloud Provider CA Bundle..."
time="2022-07-28T12:05:58-04:00" level=debug msg="    Loading Install Config..."
time="2022-07-28T12:05:58-04:00" level=debug msg="  Loading Certificate (journal-gatewayd)..."
time="2022-07-28T12:05:58-04:00" level=debug msg="    Loading Root CA..."
time="2022-07-28T12:05:58-04:00" level=debug msg="  Loading Certificate (kube-apiserver-lb-ca-bundle)..."
time="2022-07-28T12:05:58-04:00" level=debug msg="  Loading Certificate (kube-apiserver-external-lb-server)..."
time="2022-07-28T12:05:58-04:00" level=debug msg="    Loading Certificate (kube-apiserver-lb-signer)..."
time="2022-07-28T12:05:58-04:00" level=debug msg="    Loading Install Config..."
time="2022-07-28T12:05:58-04:00" level=debug msg="  Loading Certificate (kube-apiserver-internal-lb-server)..."
time="2022-07-28T12:05:58-04:00" level=debug msg="    Loading Certificate (kube-apiserver-lb-signer)..."
time="2022-07-28T12:05:58-04:00" level=debug msg="    Loading Install Config..."
time="2022-07-28T12:05:58-04:00" level=debug msg="  Loading Certificate (kube-apiserver-lb-signer)..."
time="2022-07-28T12:05:58-04:00" level=debug msg="  Loading Certificate (kube-apiserver-localhost-ca-bundle)..."
time="2022-07-28T12:05:58-04:00" level=debug msg="  Loading Certificate (kube-apiserver-localhost-server)..."
time="2022-07-28T12:05:58-04:00" level=debug msg="    Loading Certificate (kube-apiserver-localhost-signer)..."
time="2022-07-28T12:05:58-04:00" level=debug msg="  Loading Certificate (kube-apiserver-localhost-signer)..."
time="2022-07-28T12:05:58-04:00" level=debug msg="  Loading Certificate (kube-apiserver-service-network-ca-bundle)..."
time="2022-07-28T12:05:58-04:00" level=debug msg="  Loading Certificate (kube-apiserver-service-network-server)..."
time="2022-07-28T12:05:58-04:00" level=debug msg="    Loading Certificate (kube-apiserver-service-network-signer)..."
time="2022-07-28T12:05:58-04:00" level=debug msg="    Loading Install Config..."
time="2022-07-28T12:05:58-04:00" level=debug msg="  Loading Certificate (kube-apiserver-service-network-signer)..."
time="2022-07-28T12:05:58-04:00" level=debug msg="  Loading Certificate (kube-apiserver-complete-server-ca-bundle)..."
time="2022-07-28T12:05:58-04:00" level=debug msg="  Loading Certificate (kube-apiserver-complete-client-ca-bundle)..."
time="2022-07-28T12:05:58-04:00" level=debug msg="    Loading Certificate (admin-kubeconfig-ca-bundle)..."
time="2022-07-28T12:05:58-04:00" level=debug msg="    Loading Certificate (kubelet-client-ca-bundle)..."
time="2022-07-28T12:05:58-04:00" level=debug msg="      Loading Certificate (kubelet-signer)..."
time="2022-07-28T12:05:58-04:00" level=debug msg="    Loading Certificate (kube-control-plane-ca-bundle)..."
time="2022-07-28T12:05:58-04:00" level=debug msg="      Loading Certificate (kube-control-plane-signer)..."
time="2022-07-28T12:05:58-04:00" level=debug msg="      Loading Certificate (kube-apiserver-lb-signer)..."
time="2022-07-28T12:05:58-04:00" level=debug msg="      Loading Certificate (kube-apiserver-localhost-signer)..."
time="2022-07-28T12:05:58-04:00" level=debug msg="      Loading Certificate (kube-apiserver-service-network-signer)..."
time="2022-07-28T12:05:58-04:00" level=debug msg="    Loading Certificate (kube-apiserver-to-kubelet-ca-bundle)..."
time="2022-07-28T12:05:58-04:00" level=debug msg="      Loading Certificate (kube-apiserver-to-kubelet-signer)..."
time="2022-07-28T12:05:58-04:00" level=debug msg="    Loading Certificate (kubelet-bootstrap-kubeconfig-ca-bundle)..."
time="2022-07-28T12:05:58-04:00" level=debug msg="      Loading Certificate (kubelet-bootstrap-kubeconfig-signer)..."
time="2022-07-28T12:05:58-04:00" level=debug msg="  Loading Certificate (kube-apiserver-to-kubelet-ca-bundle)..."
time="2022-07-28T12:05:58-04:00" level=debug msg="  Loading Certificate (kube-apiserver-to-kubelet-client)..."
time="2022-07-28T12:05:58-04:00" level=debug msg="    Loading Certificate (kube-apiserver-to-kubelet-signer)..."
time="2022-07-28T12:05:58-04:00" level=debug msg="  Loading Certificate (kube-apiserver-to-kubelet-signer)..."
time="2022-07-28T12:05:58-04:00" level=debug msg="  Loading Certificate (kube-control-plane-ca-bundle)..."
time="2022-07-28T12:05:58-04:00" level=debug msg="  Loading Certificate (kube-control-plane-kube-controller-manager-client)..."
time="2022-07-28T12:05:58-04:00" level=debug msg="    Loading Certificate (kube-control-plane-signer)..."
time="2022-07-28T12:05:58-04:00" level=debug msg="  Loading Certificate (kube-control-plane-kube-scheduler-client)..."
time="2022-07-28T12:05:58-04:00" level=debug msg="    Loading Certificate (kube-control-plane-signer)..."
time="2022-07-28T12:05:58-04:00" level=debug msg="  Loading Certificate (kube-control-plane-signer)..."
time="2022-07-28T12:05:58-04:00" level=debug msg="  Loading Certificate (kubelet-bootstrap-kubeconfig-ca-bundle)..."
time="2022-07-28T12:05:58-04:00" level=debug msg="  Loading Certificate (kubelet-client-ca-bundle)..."
time="2022-07-28T12:05:58-04:00" level=debug msg="  Loading Certificate (kubelet-client)..."
time="2022-07-28T12:05:58-04:00" level=debug msg="  Loading Certificate (kubelet-signer)..."
time="2022-07-28T12:05:58-04:00" level=debug msg="  Loading Certificate (kubelet-serving-ca-bundle)..."
time="2022-07-28T12:05:58-04:00" level=debug msg="    Loading Certificate (kubelet-signer)..."
time="2022-07-28T12:05:58-04:00" level=debug msg="  Loading Certificate (mcs)..."
time="2022-07-28T12:05:58-04:00" level=debug msg="  Loading Root CA..."
time="2022-07-28T12:05:58-04:00" level=debug msg="  Loading Key Pair (service-account.pub)..."
time="2022-07-28T12:05:58-04:00" level=debug msg="  Loading Release Image Pull Spec..."
time="2022-07-28T12:05:58-04:00" level=debug msg="  Loading Image..."
time="2022-07-28T12:05:58-04:00" level=debug msg="  Loading CVO Ignore..."
time="2022-07-28T12:05:58-04:00" level=debug msg="    Loading Common Manifests..."
time="2022-07-28T12:05:58-04:00" level=debug msg="    Loading Openshift Manifests..."
time="2022-07-28T12:05:58-04:00" level=debug msg="  Fetching Ironic bootstrap credentials..."
time="2022-07-28T12:05:58-04:00" level=debug msg="  Generating Ironic bootstrap credentials..."
time="2022-07-28T12:05:58-04:00" level=debug msg="  Fetching Install Config..."
time="2022-07-28T12:05:58-04:00" level=debug msg="  Reusing previously-fetched Install Config"
time="2022-07-28T12:05:58-04:00" level=debug msg="  Fetching Kubeconfig Admin Internal Client..."
time="2022-07-28T12:05:58-04:00" level=debug msg="    Fetching Certificate (admin-kubeconfig-client)..."
time="2022-07-28T12:05:58-04:00" level=debug msg="    Reusing previously-fetched Certificate (admin-kubeconfig-client)"
time="2022-07-28T12:05:58-04:00" level=debug msg="    Fetching Certificate (kube-apiserver-complete-server-ca-bundle)..."
time="2022-07-28T12:05:58-04:00" level=debug msg="    Reusing previously-fetched Certificate (kube-apiserver-complete-server-ca-bundle)"
time="2022-07-28T12:05:58-04:00" level=debug msg="    Fetching Install Config..."
time="2022-07-28T12:05:58-04:00" level=debug msg="    Reusing previously-fetched Install Config"
time="2022-07-28T12:05:58-04:00" level=debug msg="  Generating Kubeconfig Admin Internal Client..."
time="2022-07-28T12:05:58-04:00" level=debug msg="  Fetching Kubeconfig Kubelet..."
time="2022-07-28T12:05:58-04:00" level=debug msg="    Fetching Certificate (kube-apiserver-complete-server-ca-bundle)..."
time="2022-07-28T12:05:58-04:00" level=debug msg="    Reusing previously-fetched Certificate (kube-apiserver-complete-server-ca-bundle)"
time="2022-07-28T12:05:58-04:00" level=debug msg="    Fetching Certificate (kubelet-client)..."
time="2022-07-28T12:05:58-04:00" level=debug msg="      Fetching Certificate (kubelet-bootstrap-kubeconfig-signer)..."
time="2022-07-28T12:05:58-04:00" level=debug msg="      Generating Certificate (kubelet-bootstrap-kubeconfig-signer)..."
time="2022-07-28T12:05:58-04:00" level=debug msg="    Generating Certificate (kubelet-client)..."
time="2022-07-28T12:05:58-04:00" level=debug msg="    Fetching Install Config..."
time="2022-07-28T12:05:58-04:00" level=debug msg="    Reusing previously-fetched Install Config"
time="2022-07-28T12:05:58-04:00" level=debug msg="  Generating Kubeconfig Kubelet..."
time="2022-07-28T12:05:58-04:00" level=debug msg="  Fetching Kubeconfig Admin Client (Loopback)..."
time="2022-07-28T12:05:58-04:00" level=debug msg="    Fetching Certificate (admin-kubeconfig-client)..."
time="2022-07-28T12:05:58-04:00" level=debug msg="    Reusing previously-fetched Certificate (admin-kubeconfig-client)"
time="2022-07-28T12:05:58-04:00" level=debug msg="    Fetching Certificate (kube-apiserver-localhost-ca-bundle)..."
time="2022-07-28T12:05:58-04:00" level=debug msg="    Reusing previously-fetched Certificate (kube-apiserver-localhost-ca-bundle)"
time="2022-07-28T12:05:58-04:00" level=debug msg="    Fetching Install Config..."
time="2022-07-28T12:05:58-04:00" level=debug msg="    Reusing previously-fetched Install Config"
time="2022-07-28T12:05:58-04:00" level=debug msg="  Generating Kubeconfig Admin Client (Loopback)..."
time="2022-07-28T12:05:58-04:00" level=debug msg="  Fetching Master Ignition Customization Check..."
time="2022-07-28T12:05:58-04:00" level=debug msg="    Fetching Install Config..."
time="2022-07-28T12:05:58-04:00" level=debug msg="    Reusing previously-fetched Install Config"
time="2022-07-28T12:05:58-04:00" level=debug msg="    Fetching Root CA..."
time="2022-07-28T12:05:58-04:00" level=debug msg="    Reusing previously-fetched Root CA"
time="2022-07-28T12:05:58-04:00" level=debug msg="    Fetching Master Ignition Config..."
time="2022-07-28T12:05:58-04:00" level=debug msg="    Reusing previously-fetched Master Ignition Config"
time="2022-07-28T12:05:58-04:00" level=debug msg="  Generating Master Ignition Customization Check..."
time="2022-07-28T12:05:58-04:00" level=debug msg="  Fetching Worker Ignition Customization Check..."
time="2022-07-28T12:05:58-04:00" level=debug msg="    Fetching Install Config..."
time="2022-07-28T12:05:58-04:00" level=debug msg="    Reusing previously-fetched Install Config"
time="2022-07-28T12:05:58-04:00" level=debug msg="    Fetching Root CA..."
time="2022-07-28T12:05:58-04:00" level=debug msg="    Reusing previously-fetched Root CA"
time="2022-07-28T12:05:58-04:00" level=debug msg="    Fetching Worker Ignition Config..."
time="2022-07-28T12:05:58-04:00" level=debug msg="    Reusing previously-fetched Worker Ignition Config"
time="2022-07-28T12:05:58-04:00" level=debug msg="  Generating Worker Ignition Customization Check..."
time="2022-07-28T12:05:58-04:00" level=debug msg="  Fetching Master Machines..."
time="2022-07-28T12:05:58-04:00" level=debug msg="    Fetching Cluster ID..."
time="2022-07-28T12:05:58-04:00" level=debug msg="      Fetching Install Config..."
time="2022-07-28T12:05:58-04:00" level=debug msg="      Reusing previously-fetched Install Config"
time="2022-07-28T12:05:58-04:00" level=debug msg="    Generating Cluster ID..."
time="2022-07-28T12:05:58-04:00" level=debug msg="    Fetching Platform Credentials Check..."
time="2022-07-28T12:05:58-04:00" level=debug msg="      Fetching Install Config..."
time="2022-07-28T12:05:58-04:00" level=debug msg="      Reusing previously-fetched Install Config"
time="2022-07-28T12:05:58-04:00" level=debug msg="    Generating Platform Credentials Check..."
time="2022-07-28T12:05:58-04:00" level=debug msg="    Fetching Install Config..."
time="2022-07-28T12:05:58-04:00" level=debug msg="    Reusing previously-fetched Install Config"
time="2022-07-28T12:05:58-04:00" level=debug msg="    Fetching Image..."
time="2022-07-28T12:05:58-04:00" level=debug msg="      Fetching Install Config..."
time="2022-07-28T12:05:58-04:00" level=debug msg="      Reusing previously-fetched Install Config"
time="2022-07-28T12:05:58-04:00" level=debug msg="    Generating Image..."
time="2022-07-28T12:05:58-04:00" level=debug msg="    Fetching Master Ignition Config..."
time="2022-07-28T12:05:58-04:00" level=debug msg="    Reusing previously-fetched Master Ignition Config"
time="2022-07-28T12:05:58-04:00" level=debug msg="  Generating Master Machines..."
time="2022-07-28T12:05:58-04:00" level=debug msg="  Fetching Worker Machines..."
time="2022-07-28T12:05:58-04:00" level=debug msg="    Fetching Cluster ID..."
time="2022-07-28T12:05:58-04:00" level=debug msg="    Reusing previously-fetched Cluster ID"
time="2022-07-28T12:05:58-04:00" level=debug msg="    Fetching Platform Credentials Check..."
time="2022-07-28T12:05:58-04:00" level=debug msg="    Reusing previously-fetched Platform Credentials Check"
time="2022-07-28T12:05:58-04:00" level=debug msg="    Fetching Install Config..."
time="2022-07-28T12:05:58-04:00" level=debug msg="    Reusing previously-fetched Install Config"
time="2022-07-28T12:05:58-04:00" level=debug msg="    Fetching Image..."
time="2022-07-28T12:05:58-04:00" level=debug msg="    Reusing previously-fetched Image"
time="2022-07-28T12:05:58-04:00" level=debug msg="    Fetching Worker Ignition Config..."
time="2022-07-28T12:05:58-04:00" level=debug msg="    Reusing previously-fetched Worker Ignition Config"
time="2022-07-28T12:05:58-04:00" level=debug msg="  Generating Worker Machines..."
time="2022-07-28T12:05:58-04:00" level=debug msg="  Fetching Common Manifests..."
time="2022-07-28T12:05:58-04:00" level=debug msg="    Fetching Cluster ID..."
time="2022-07-28T12:05:58-04:00" level=debug msg="    Reusing previously-fetched Cluster ID"
time="2022-07-28T12:05:58-04:00" level=debug msg="    Fetching Install Config..."
time="2022-07-28T12:05:58-04:00" level=debug msg="    Reusing previously-fetched Install Config"
time="2022-07-28T12:05:58-04:00" level=debug msg="    Fetching Ingress Config..."
time="2022-07-28T12:05:58-04:00" level=debug msg="      Fetching Install Config..."
time="2022-07-28T12:05:58-04:00" level=debug msg="      Reusing previously-fetched Install Config"
time="2022-07-28T12:05:58-04:00" level=debug msg="    Generating Ingress Config..."
time="2022-07-28T12:05:58-04:00" level=debug msg="    Fetching DNS Config..."
time="2022-07-28T12:05:58-04:00" level=debug msg="      Fetching Install Config..."
time="2022-07-28T12:05:58-04:00" level=debug msg="      Reusing previously-fetched Install Config"
time="2022-07-28T12:05:58-04:00" level=debug msg="      Fetching Cluster ID..."
time="2022-07-28T12:05:58-04:00" level=debug msg="      Reusing previously-fetched Cluster ID"
time="2022-07-28T12:05:58-04:00" level=debug msg="      Fetching Platform Credentials Check..."
time="2022-07-28T12:05:58-04:00" level=debug msg="      Reusing previously-fetched Platform Credentials Check"
time="2022-07-28T12:05:58-04:00" level=debug msg="    Generating DNS Config..."
time="2022-07-28T12:05:58-04:00" level=debug msg="    Fetching Infrastructure Config..."
time="2022-07-28T12:05:58-04:00" level=debug msg="      Fetching Cluster ID..."
time="2022-07-28T12:05:58-04:00" level=debug msg="      Reusing previously-fetched Cluster ID"
time="2022-07-28T12:05:58-04:00" level=debug msg="      Fetching Install Config..."
time="2022-07-28T12:05:58-04:00" level=debug msg="      Reusing previously-fetched Install Config"
time="2022-07-28T12:05:58-04:00" level=debug msg="      Fetching Cloud Provider Config..."
time="2022-07-28T12:05:58-04:00" level=debug msg="        Fetching Install Config..."
time="2022-07-28T12:05:58-04:00" level=debug msg="        Reusing previously-fetched Install Config"
time="2022-07-28T12:05:58-04:00" level=debug msg="        Fetching Cluster ID..."
time="2022-07-28T12:05:58-04:00" level=debug msg="        Reusing previously-fetched Cluster ID"
time="2022-07-28T12:05:58-04:00" level=debug msg="        Fetching Platform Credentials Check..."
time="2022-07-28T12:05:58-04:00" level=debug msg="        Reusing previously-fetched Platform Credentials Check"
time="2022-07-28T12:05:58-04:00" level=debug msg="      Generating Cloud Provider Config..."
time="2022-07-28T12:05:58-04:00" level=debug msg="      Fetching Additional Trust Bundle Config..."
time="2022-07-28T12:05:58-04:00" level=debug msg="        Fetching Install Config..."
time="2022-07-28T12:05:58-04:00" level=debug msg="        Reusing previously-fetched Install Config"
time="2022-07-28T12:05:58-04:00" level=debug msg="      Generating Additional Trust Bundle Config..."
time="2022-07-28T12:05:58-04:00" level=debug msg="    Generating Infrastructure Config..."
time="2022-07-28T12:05:58-04:00" level=debug msg="    Fetching Network Config..."
time="2022-07-28T12:05:58-04:00" level=debug msg="      Fetching Install Config..."
time="2022-07-28T12:05:58-04:00" level=debug msg="      Reusing previously-fetched Install Config"
time="2022-07-28T12:05:58-04:00" level=debug msg="      Fetching Network CRDs..."
time="2022-07-28T12:05:58-04:00" level=debug msg="      Generating Network CRDs..."
time="2022-07-28T12:05:58-04:00" level=debug msg="    Generating Network Config..."
time="2022-07-28T12:05:58-04:00" level=debug msg="    Fetching Proxy Config..."
time="2022-07-28T12:05:58-04:00" level=debug msg="      Fetching Install Config..."
time="2022-07-28T12:05:58-04:00" level=debug msg="      Reusing previously-fetched Install Config"
time="2022-07-28T12:05:58-04:00" level=debug msg="      Fetching Network Config..."
time="2022-07-28T12:05:58-04:00" level=debug msg="      Reusing previously-fetched Network Config"
time="2022-07-28T12:05:58-04:00" level=debug msg="    Generating Proxy Config..."
time="2022-07-28T12:05:58-04:00" level=debug msg="    Fetching Scheduler Config..."
time="2022-07-28T12:05:58-04:00" level=debug msg="      Fetching Install Config..."
time="2022-07-28T12:05:58-04:00" level=debug msg="      Reusing previously-fetched Install Config"
time="2022-07-28T12:05:58-04:00" level=debug msg="    Generating Scheduler Config..."
time="2022-07-28T12:05:58-04:00" level=warning msg="Making control-plane schedulable by setting MastersSchedulable to true for Scheduler cluster settings"
time="2022-07-28T12:05:58-04:00" level=debug msg="    Fetching Image Content Source Policy..."
time="2022-07-28T12:05:58-04:00" level=debug msg="      Fetching Install Config..."
time="2022-07-28T12:05:58-04:00" level=debug msg="      Reusing previously-fetched Install Config"
time="2022-07-28T12:05:58-04:00" level=debug msg="    Generating Image Content Source Policy..."
time="2022-07-28T12:05:58-04:00" level=debug msg="    Fetching Root CA..."
time="2022-07-28T12:05:58-04:00" level=debug msg="    Reusing previously-fetched Root CA"
time="2022-07-28T12:05:58-04:00" level=debug msg="    Fetching Certificate (mcs)..."
time="2022-07-28T12:05:58-04:00" level=debug msg="      Fetching Root CA..."
time="2022-07-28T12:05:58-04:00" level=debug msg="      Reusing previously-fetched Root CA"
time="2022-07-28T12:05:58-04:00" level=debug msg="      Fetching Install Config..."
time="2022-07-28T12:05:58-04:00" level=debug msg="      Reusing previously-fetched Install Config"
time="2022-07-28T12:05:58-04:00" level=debug msg="    Generating Certificate (mcs)..."
time="2022-07-28T12:05:58-04:00" level=debug msg="    Fetching CVOOverrides..."
time="2022-07-28T12:05:58-04:00" level=debug msg="    Generating CVOOverrides..."
time="2022-07-28T12:05:58-04:00" level=debug msg="    Fetching KubeCloudConfig..."
time="2022-07-28T12:05:58-04:00" level=debug msg="    Generating KubeCloudConfig..."
time="2022-07-28T12:05:58-04:00" level=debug msg="    Fetching KubeSystemConfigmapRootCA..."
time="2022-07-28T12:05:58-04:00" level=debug msg="    Generating KubeSystemConfigmapRootCA..."
time="2022-07-28T12:05:58-04:00" level=debug msg="    Fetching MachineConfigServerTLSSecret..."
time="2022-07-28T12:05:58-04:00" level=debug msg="    Generating MachineConfigServerTLSSecret..."
time="2022-07-28T12:05:58-04:00" level=debug msg="    Fetching OpenshiftConfigSecretPullSecret..."
time="2022-07-28T12:05:58-04:00" level=debug msg="    Generating OpenshiftConfigSecretPullSecret..."
time="2022-07-28T12:05:58-04:00" level=debug msg="  Generating Common Manifests..."
time="2022-07-28T12:05:58-04:00" level=debug msg="  Fetching Openshift Manifests..."
time="2022-07-28T12:05:58-04:00" level=debug msg="    Fetching Install Config..."
time="2022-07-28T12:05:58-04:00" level=debug msg="    Reusing previously-fetched Install Config"
time="2022-07-28T12:05:58-04:00" level=debug msg="    Fetching Cluster ID..."
time="2022-07-28T12:05:58-04:00" level=debug msg="    Reusing previously-fetched Cluster ID"
time="2022-07-28T12:05:58-04:00" level=debug msg="    Fetching Kubeadmin Password..."
time="2022-07-28T12:05:58-04:00" level=debug msg="    Reusing previously-fetched Kubeadmin Password"
time="2022-07-28T12:05:58-04:00" level=debug msg="    Fetching OpenShift Install (Manifests)..."
time="2022-07-28T12:05:58-04:00" level=debug msg="    Generating OpenShift Install (Manifests)..."
time="2022-07-28T12:05:58-04:00" level=debug msg="    Fetching CloudCredsSecret..."
time="2022-07-28T12:05:58-04:00" level=debug msg="    Generating CloudCredsSecret..."
time="2022-07-28T12:05:58-04:00" level=debug msg="    Fetching KubeadminPasswordSecret..."
time="2022-07-28T12:05:58-04:00" level=debug msg="    Generating KubeadminPasswordSecret..."
time="2022-07-28T12:05:58-04:00" level=debug msg="    Fetching RoleCloudCredsSecretReader..."
time="2022-07-28T12:05:58-04:00" level=debug msg="    Generating RoleCloudCredsSecretReader..."
time="2022-07-28T12:05:58-04:00" level=debug msg="    Fetching Baremetal Config CR..."
time="2022-07-28T12:05:58-04:00" level=debug msg="    Generating Baremetal Config CR..."
time="2022-07-28T12:05:58-04:00" level=debug msg="    Fetching Image..."
time="2022-07-28T12:05:58-04:00" level=debug msg="    Reusing previously-fetched Image"
time="2022-07-28T12:05:58-04:00" level=debug msg="    Fetching AzureCloudProviderSecret..."
time="2022-07-28T12:05:58-04:00" level=debug msg="    Generating AzureCloudProviderSecret..."
time="2022-07-28T12:05:58-04:00" level=debug msg="  Generating Openshift Manifests..."
time="2022-07-28T12:05:58-04:00" level=debug msg="  Fetching Proxy Config..."
time="2022-07-28T12:05:58-04:00" level=debug msg="  Reusing previously-fetched Proxy Config"
time="2022-07-28T12:05:58-04:00" level=debug msg="  Fetching Certificate (admin-kubeconfig-ca-bundle)..."
time="2022-07-28T12:05:58-04:00" level=debug msg="    Fetching Certificate (admin-kubeconfig-signer)..."
time="2022-07-28T12:05:58-04:00" level=debug msg="    Reusing previously-fetched Certificate (admin-kubeconfig-signer)"
time="2022-07-28T12:05:58-04:00" level=debug msg="  Generating Certificate (admin-kubeconfig-ca-bundle)..."
time="2022-07-28T12:05:58-04:00" level=debug msg="  Fetching Certificate (aggregator)..."
time="2022-07-28T12:05:58-04:00" level=debug msg="  Generating Certificate (aggregator)..."
time="2022-07-28T12:05:58-04:00" level=debug msg="  Fetching Certificate (aggregator-ca-bundle)..."
time="2022-07-28T12:05:58-04:00" level=debug msg="    Fetching Certificate (aggregator-signer)..."
time="2022-07-28T12:05:58-04:00" level=debug msg="    Generating Certificate (aggregator-signer)..."
time="2022-07-28T12:05:59-04:00" level=debug msg="  Generating Certificate (aggregator-ca-bundle)..."
time="2022-07-28T12:05:59-04:00" level=debug msg="  Fetching Certificate (system:kube-apiserver-proxy)..."
time="2022-07-28T12:05:59-04:00" level=debug msg="    Fetching Certificate (aggregator-signer)..."
time="2022-07-28T12:05:59-04:00" level=debug msg="    Reusing previously-fetched Certificate (aggregator-signer)"
time="2022-07-28T12:05:59-04:00" level=debug msg="  Generating Certificate (system:kube-apiserver-proxy)..."
time="2022-07-28T12:05:59-04:00" level=debug msg="  Fetching Certificate (aggregator-signer)..."
time="2022-07-28T12:05:59-04:00" level=debug msg="  Reusing previously-fetched Certificate (aggregator-signer)"
time="2022-07-28T12:05:59-04:00" level=debug msg="  Fetching Certificate (system:kube-apiserver-proxy)..."
time="2022-07-28T12:05:59-04:00" level=debug msg="    Fetching Certificate (aggregator)..."
time="2022-07-28T12:05:59-04:00" level=debug msg="    Reusing previously-fetched Certificate (aggregator)"
time="2022-07-28T12:05:59-04:00" level=debug msg="  Generating Certificate (system:kube-apiserver-proxy)..."
time="2022-07-28T12:05:59-04:00" level=debug msg="  Fetching Bootstrap SSH Key Pair..."
time="2022-07-28T12:05:59-04:00" level=debug msg="  Generating Bootstrap SSH Key Pair..."
time="2022-07-28T12:05:59-04:00" level=debug msg="Failed to marshal PKIX public key: %!s(<nil>)"
time="2022-07-28T12:05:59-04:00" level=debug msg="  Fetching User-provided Service Account Signing key..."
time="2022-07-28T12:05:59-04:00" level=debug msg="  Generating User-provided Service Account Signing key..."
time="2022-07-28T12:05:59-04:00" level=debug msg="  Fetching Cloud Provider CA Bundle..."
time="2022-07-28T12:05:59-04:00" level=debug msg="    Fetching Install Config..."
time="2022-07-28T12:05:59-04:00" level=debug msg="    Reusing previously-fetched Install Config"
time="2022-07-28T12:05:59-04:00" level=debug msg="  Generating Cloud Provider CA Bundle..."
time="2022-07-28T12:05:59-04:00" level=debug msg="  Fetching Certificate (journal-gatewayd)..."
time="2022-07-28T12:05:59-04:00" level=debug msg="    Fetching Root CA..."
time="2022-07-28T12:05:59-04:00" level=debug msg="    Reusing previously-fetched Root CA"
time="2022-07-28T12:05:59-04:00" level=debug msg="  Generating Certificate (journal-gatewayd)..."
time="2022-07-28T12:05:59-04:00" level=debug msg="  Fetching Certificate (kube-apiserver-lb-ca-bundle)..."
time="2022-07-28T12:05:59-04:00" level=debug msg="  Reusing previously-fetched Certificate (kube-apiserver-lb-ca-bundle)"
time="2022-07-28T12:05:59-04:00" level=debug msg="  Fetching Certificate (kube-apiserver-external-lb-server)..."
time="2022-07-28T12:05:59-04:00" level=debug msg="    Fetching Certificate (kube-apiserver-lb-signer)..."
time="2022-07-28T12:05:59-04:00" level=debug msg="    Reusing previously-fetched Certificate (kube-apiserver-lb-signer)"
time="2022-07-28T12:05:59-04:00" level=debug msg="    Fetching Install Config..."
time="2022-07-28T12:05:59-04:00" level=debug msg="    Reusing previously-fetched Install Config"
time="2022-07-28T12:05:59-04:00" level=debug msg="  Generating Certificate (kube-apiserver-external-lb-server)..."
time="2022-07-28T12:05:59-04:00" level=debug msg="  Fetching Certificate (kube-apiserver-internal-lb-server)..."
time="2022-07-28T12:05:59-04:00" level=debug msg="    Fetching Certificate (kube-apiserver-lb-signer)..."
time="2022-07-28T12:05:59-04:00" level=debug msg="    Reusing previously-fetched Certificate (kube-apiserver-lb-signer)"
time="2022-07-28T12:05:59-04:00" level=debug msg="    Fetching Install Config..."
time="2022-07-28T12:05:59-04:00" level=debug msg="    Reusing previously-fetched Install Config"
time="2022-07-28T12:05:59-04:00" level=debug msg="  Generating Certificate (kube-apiserver-internal-lb-server)..."
time="2022-07-28T12:06:00-04:00" level=debug msg="  Fetching Certificate (kube-apiserver-lb-signer)..."
time="2022-07-28T12:06:00-04:00" level=debug msg="  Reusing previously-fetched Certificate (kube-apiserver-lb-signer)"
time="2022-07-28T12:06:00-04:00" level=debug msg="  Fetching Certificate (kube-apiserver-localhost-ca-bundle)..."
time="2022-07-28T12:06:00-04:00" level=debug msg="  Reusing previously-fetched Certificate (kube-apiserver-localhost-ca-bundle)"
time="2022-07-28T12:06:00-04:00" level=debug msg="  Fetching Certificate (kube-apiserver-localhost-server)..."
time="2022-07-28T12:06:00-04:00" level=debug msg="    Fetching Certificate (kube-apiserver-localhost-signer)..."
time="2022-07-28T12:06:00-04:00" level=debug msg="    Reusing previously-fetched Certificate (kube-apiserver-localhost-signer)"
time="2022-07-28T12:06:00-04:00" level=debug msg="  Generating Certificate (kube-apiserver-localhost-server)..."
time="2022-07-28T12:06:00-04:00" level=debug msg="  Fetching Certificate (kube-apiserver-localhost-signer)..."
time="2022-07-28T12:06:00-04:00" level=debug msg="  Reusing previously-fetched Certificate (kube-apiserver-localhost-signer)"
time="2022-07-28T12:06:00-04:00" level=debug msg="  Fetching Certificate (kube-apiserver-service-network-ca-bundle)..."
time="2022-07-28T12:06:00-04:00" level=debug msg="  Reusing previously-fetched Certificate (kube-apiserver-service-network-ca-bundle)"
time="2022-07-28T12:06:00-04:00" level=debug msg="  Fetching Certificate (kube-apiserver-service-network-server)..."
time="2022-07-28T12:06:00-04:00" level=debug msg="    Fetching Certificate (kube-apiserver-service-network-signer)..."
time="2022-07-28T12:06:00-04:00" level=debug msg="    Reusing previously-fetched Certificate (kube-apiserver-service-network-signer)"
time="2022-07-28T12:06:00-04:00" level=debug msg="    Fetching Install Config..."
time="2022-07-28T12:06:00-04:00" level=debug msg="    Reusing previously-fetched Install Config"
time="2022-07-28T12:06:00-04:00" level=debug msg="  Generating Certificate (kube-apiserver-service-network-server)..."
time="2022-07-28T12:06:00-04:00" level=debug msg="  Fetching Certificate (kube-apiserver-service-network-signer)..."
time="2022-07-28T12:06:00-04:00" level=debug msg="  Reusing previously-fetched Certificate (kube-apiserver-service-network-signer)"
time="2022-07-28T12:06:00-04:00" level=debug msg="  Fetching Certificate (kube-apiserver-complete-server-ca-bundle)..."
time="2022-07-28T12:06:00-04:00" level=debug msg="  Reusing previously-fetched Certificate (kube-apiserver-complete-server-ca-bundle)"
time="2022-07-28T12:06:00-04:00" level=debug msg="  Fetching Certificate (kube-apiserver-complete-client-ca-bundle)..."
time="2022-07-28T12:06:00-04:00" level=debug msg="    Fetching Certificate (admin-kubeconfig-ca-bundle)..."
time="2022-07-28T12:06:00-04:00" level=debug msg="    Reusing previously-fetched Certificate (admin-kubeconfig-ca-bundle)"
time="2022-07-28T12:06:00-04:00" level=debug msg="    Fetching Certificate (kubelet-client-ca-bundle)..."
time="2022-07-28T12:06:00-04:00" level=debug msg="      Fetching Certificate (kubelet-signer)..."
time="2022-07-28T12:06:00-04:00" level=debug msg="      Generating Certificate (kubelet-signer)..."
time="2022-07-28T12:06:00-04:00" level=debug msg="    Generating Certificate (kubelet-client-ca-bundle)..."
time="2022-07-28T12:06:00-04:00" level=debug msg="    Fetching Certificate (kube-control-plane-ca-bundle)..."
time="2022-07-28T12:06:00-04:00" level=debug msg="      Fetching Certificate (kube-control-plane-signer)..."
time="2022-07-28T12:06:00-04:00" level=debug msg="      Generating Certificate (kube-control-plane-signer)..."
time="2022-07-28T12:06:00-04:00" level=debug msg="      Fetching Certificate (kube-apiserver-lb-signer)..."
time="2022-07-28T12:06:00-04:00" level=debug msg="      Reusing previously-fetched Certificate (kube-apiserver-lb-signer)"
time="2022-07-28T12:06:00-04:00" level=debug msg="      Fetching Certificate (kube-apiserver-localhost-signer)..."
time="2022-07-28T12:06:00-04:00" level=debug msg="      Reusing previously-fetched Certificate (kube-apiserver-localhost-signer)"
time="2022-07-28T12:06:00-04:00" level=debug msg="      Fetching Certificate (kube-apiserver-service-network-signer)..."
time="2022-07-28T12:06:00-04:00" level=debug msg="      Reusing previously-fetched Certificate (kube-apiserver-service-network-signer)"
time="2022-07-28T12:06:00-04:00" level=debug msg="    Generating Certificate (kube-control-plane-ca-bundle)..."
time="2022-07-28T12:06:00-04:00" level=debug msg="    Fetching Certificate (kube-apiserver-to-kubelet-ca-bundle)..."
time="2022-07-28T12:06:00-04:00" level=debug msg="      Fetching Certificate (kube-apiserver-to-kubelet-signer)..."
time="2022-07-28T12:06:00-04:00" level=debug msg="      Generating Certificate (kube-apiserver-to-kubelet-signer)..."
time="2022-07-28T12:06:00-04:00" level=debug msg="    Generating Certificate (kube-apiserver-to-kubelet-ca-bundle)..."
time="2022-07-28T12:06:00-04:00" level=debug msg="    Fetching Certificate (kubelet-bootstrap-kubeconfig-ca-bundle)..."
time="2022-07-28T12:06:00-04:00" level=debug msg="      Fetching Certificate (kubelet-bootstrap-kubeconfig-signer)..."
time="2022-07-28T12:06:00-04:00" level=debug msg="      Reusing previously-fetched Certificate (kubelet-bootstrap-kubeconfig-signer)"
time="2022-07-28T12:06:00-04:00" level=debug msg="    Generating Certificate (kubelet-bootstrap-kubeconfig-ca-bundle)..."
time="2022-07-28T12:06:00-04:00" level=debug msg="  Generating Certificate (kube-apiserver-complete-client-ca-bundle)..."
time="2022-07-28T12:06:00-04:00" level=debug msg="  Fetching Certificate (kube-apiserver-to-kubelet-ca-bundle)..."
time="2022-07-28T12:06:00-04:00" level=debug msg="  Reusing previously-fetched Certificate (kube-apiserver-to-kubelet-ca-bundle)"
time="2022-07-28T12:06:00-04:00" level=debug msg="  Fetching Certificate (kube-apiserver-to-kubelet-client)..."
time="2022-07-28T12:06:00-04:00" level=debug msg="    Fetching Certificate (kube-apiserver-to-kubelet-signer)..."
time="2022-07-28T12:06:00-04:00" level=debug msg="    Reusing previously-fetched Certificate (kube-apiserver-to-kubelet-signer)"
time="2022-07-28T12:06:00-04:00" level=debug msg="  Generating Certificate (kube-apiserver-to-kubelet-client)..."
time="2022-07-28T12:06:00-04:00" level=debug msg="  Fetching Certificate (kube-apiserver-to-kubelet-signer)..."
time="2022-07-28T12:06:00-04:00" level=debug msg="  Reusing previously-fetched Certificate (kube-apiserver-to-kubelet-signer)"
time="2022-07-28T12:06:00-04:00" level=debug msg="  Fetching Certificate (kube-control-plane-ca-bundle)..."
time="2022-07-28T12:06:00-04:00" level=debug msg="  Reusing previously-fetched Certificate (kube-control-plane-ca-bundle)"
time="2022-07-28T12:06:00-04:00" level=debug msg="  Fetching Certificate (kube-control-plane-kube-controller-manager-client)..."
time="2022-07-28T12:06:00-04:00" level=debug msg="    Fetching Certificate (kube-control-plane-signer)..."
time="2022-07-28T12:06:00-04:00" level=debug msg="    Reusing previously-fetched Certificate (kube-control-plane-signer)"
time="2022-07-28T12:06:00-04:00" level=debug msg="  Generating Certificate (kube-control-plane-kube-controller-manager-client)..."
time="2022-07-28T12:06:01-04:00" level=debug msg="  Fetching Certificate (kube-control-plane-kube-scheduler-client)..."
time="2022-07-28T12:06:01-04:00" level=debug msg="    Fetching Certificate (kube-control-plane-signer)..."
time="2022-07-28T12:06:01-04:00" level=debug msg="    Reusing previously-fetched Certificate (kube-control-plane-signer)"
time="2022-07-28T12:06:01-04:00" level=debug msg="  Generating Certificate (kube-control-plane-kube-scheduler-client)..."
time="2022-07-28T12:06:01-04:00" level=debug msg="  Fetching Certificate (kube-control-plane-signer)..."
time="2022-07-28T12:06:01-04:00" level=debug msg="  Reusing previously-fetched Certificate (kube-control-plane-signer)"
time="2022-07-28T12:06:01-04:00" level=debug msg="  Fetching Certificate (kubelet-bootstrap-kubeconfig-ca-bundle)..."
time="2022-07-28T12:06:01-04:00" level=debug msg="  Reusing previously-fetched Certificate (kubelet-bootstrap-kubeconfig-ca-bundle)"
time="2022-07-28T12:06:01-04:00" level=debug msg="  Fetching Certificate (kubelet-client-ca-bundle)..."
time="2022-07-28T12:06:01-04:00" level=debug msg="  Reusing previously-fetched Certificate (kubelet-client-ca-bundle)"
time="2022-07-28T12:06:01-04:00" level=debug msg="  Fetching Certificate (kubelet-client)..."
time="2022-07-28T12:06:01-04:00" level=debug msg="  Reusing previously-fetched Certificate (kubelet-client)"
time="2022-07-28T12:06:01-04:00" level=debug msg="  Fetching Certificate (kubelet-signer)..."
time="2022-07-28T12:06:01-04:00" level=debug msg="  Reusing previously-fetched Certificate (kubelet-signer)"
time="2022-07-28T12:06:01-04:00" level=debug msg="  Fetching Certificate (kubelet-serving-ca-bundle)..."
time="2022-07-28T12:06:01-04:00" level=debug msg="    Fetching Certificate (kubelet-signer)..."
time="2022-07-28T12:06:01-04:00" level=debug msg="    Reusing previously-fetched Certificate (kubelet-signer)"
time="2022-07-28T12:06:01-04:00" level=debug msg="  Generating Certificate (kubelet-serving-ca-bundle)..."
time="2022-07-28T12:06:01-04:00" level=debug msg="  Fetching Certificate (mcs)..."
time="2022-07-28T12:06:01-04:00" level=debug msg="  Reusing previously-fetched Certificate (mcs)"
time="2022-07-28T12:06:01-04:00" level=debug msg="  Fetching Root CA..."
time="2022-07-28T12:06:01-04:00" level=debug msg="  Reusing previously-fetched Root CA"
time="2022-07-28T12:06:01-04:00" level=debug msg="  Fetching Key Pair (service-account.pub)..."
time="2022-07-28T12:06:01-04:00" level=debug msg="  Generating Key Pair (service-account.pub)..."
time="2022-07-28T12:06:01-04:00" level=debug msg="Failed to marshal PKIX public key: %!s(<nil>)"
time="2022-07-28T12:06:01-04:00" level=debug msg="  Fetching Release Image Pull Spec..."
time="2022-07-28T12:06:01-04:00" level=debug msg="  Generating Release Image Pull Spec..."
time="2022-07-28T12:06:01-04:00" level=debug msg="Using internal constant for release image quay.io/openshift-release-dev/ocp-release@sha256:7ffe4cd612be27e355a640e5eec5cd8f923c1400d969fd590f806cffdaabcc56"
time="2022-07-28T12:06:01-04:00" level=debug msg="  Fetching Image..."
time="2022-07-28T12:06:01-04:00" level=debug msg="  Reusing previously-fetched Image"
time="2022-07-28T12:06:01-04:00" level=debug msg="  Fetching CVO Ignore..."
time="2022-07-28T12:06:01-04:00" level=debug msg="    Fetching Common Manifests..."
time="2022-07-28T12:06:01-04:00" level=debug msg="    Reusing previously-fetched Common Manifests"
time="2022-07-28T12:06:01-04:00" level=debug msg="    Fetching Openshift Manifests..."
time="2022-07-28T12:06:01-04:00" level=debug msg="    Reusing previously-fetched Openshift Manifests"
time="2022-07-28T12:06:01-04:00" level=debug msg="  Generating CVO Ignore..."
time="2022-07-28T12:06:01-04:00" level=debug msg="Generating Bootstrap Ignition Config..."
time="2022-07-28T12:06:01-04:00" level=debug msg="Fetching Metadata..."
time="2022-07-28T12:06:01-04:00" level=debug msg="Loading Metadata..."
time="2022-07-28T12:06:01-04:00" level=debug msg="  Loading Cluster ID..."
time="2022-07-28T12:06:01-04:00" level=debug msg="  Loading Install Config..."
time="2022-07-28T12:06:01-04:00" level=debug msg="  Loading Bootstrap Ignition Config..."
time="2022-07-28T12:06:01-04:00" level=debug msg="  Fetching Cluster ID..."
time="2022-07-28T12:06:01-04:00" level=debug msg="  Reusing previously-fetched Cluster ID"
time="2022-07-28T12:06:01-04:00" level=debug msg="  Fetching Install Config..."
time="2022-07-28T12:06:01-04:00" level=debug msg="  Reusing previously-fetched Install Config"
time="2022-07-28T12:06:01-04:00" level=debug msg="  Fetching Bootstrap Ignition Config..."
time="2022-07-28T12:06:01-04:00" level=debug msg="  Reusing previously-fetched Bootstrap Ignition Config"
time="2022-07-28T12:06:01-04:00" level=debug msg="Generating Metadata..."
time="2022-07-28T12:06:01-04:00" level=info msg="Ignition-Configs created in: /home/lab/ocp4 and /home/lab/ocp4/auth"
time="2022-07-28T12:07:44-04:00" level=debug msg="OpenShift Installer 4.10.3"
time="2022-07-28T12:07:44-04:00" level=debug msg="Built from commit 3b701903d96b6375f6c3852a02b4b70fea01d694"
time="2022-07-28T12:07:44-04:00" level=info msg="Waiting up to 20m0s (until 12:27PM) for the Kubernetes API at https://api.ocp4.example.com:6443..."
time="2022-07-28T12:07:54-04:00" level=debug msg="Still waiting for the Kubernetes API: Get \"https://api.ocp4.example.com:6443/version\": EOF"
time="2022-07-28T12:10:14-04:00" level=info msg="API v1.23.3+e419edf up"
time="2022-07-28T12:10:14-04:00" level=info msg="Waiting up to 30m0s (until 12:40PM) for bootstrapping to complete..."
time="2022-07-28T12:18:12-04:00" level=debug msg="Bootstrap status: complete"
time="2022-07-28T12:18:12-04:00" level=info msg="It is now safe to remove the bootstrap resources"
time="2022-07-28T12:18:12-04:00" level=debug msg="Time elapsed per stage:"
time="2022-07-28T12:18:12-04:00" level=debug msg="Bootstrap Complete: 10m28s"
time="2022-07-28T12:18:12-04:00" level=debug msg="               API: 2m29s"
time="2022-07-28T12:18:12-04:00" level=info msg="Time elapsed: 10m28s"
time="2022-07-28T12:20:01-04:00" level=debug msg="OpenShift Installer 4.10.3"
time="2022-07-28T12:20:01-04:00" level=debug msg="Built from commit 3b701903d96b6375f6c3852a02b4b70fea01d694"
time="2022-07-28T12:20:01-04:00" level=debug msg="Loading Install Config..."
time="2022-07-28T12:20:01-04:00" level=debug msg="  Loading SSH Key..."
time="2022-07-28T12:20:01-04:00" level=debug msg="  Loading Base Domain..."
time="2022-07-28T12:20:01-04:00" level=debug msg="    Loading Platform..."
time="2022-07-28T12:20:01-04:00" level=debug msg="  Loading Cluster Name..."
time="2022-07-28T12:20:01-04:00" level=debug msg="    Loading Base Domain..."
time="2022-07-28T12:20:01-04:00" level=debug msg="    Loading Platform..."
time="2022-07-28T12:20:01-04:00" level=debug msg="  Loading Networking..."
time="2022-07-28T12:20:01-04:00" level=debug msg="    Loading Platform..."
time="2022-07-28T12:20:01-04:00" level=debug msg="  Loading Pull Secret..."
time="2022-07-28T12:20:01-04:00" level=debug msg="  Loading Platform..."
time="2022-07-28T12:20:01-04:00" level=debug msg="Using Install Config loaded from state file"
time="2022-07-28T12:20:01-04:00" level=info msg="Waiting up to 40m0s (until 1:00PM) for the cluster at https://api.ocp4.example.com:6443 to initialize..."
time="2022-07-28T12:20:01-04:00" level=debug msg="Still waiting for the cluster to initialize: Working towards 4.10.3: 743 of 770 done (96% complete)"
time="2022-07-28T12:20:52-04:00" level=debug msg="Still waiting for the cluster to initialize: Working towards 4.10.3: 743 of 770 done (96% complete)"
time="2022-07-28T12:21:03-04:00" level=debug msg="Still waiting for the cluster to initialize: Some cluster operators are still updating: authentication, console, kube-apiserver, monitoring"
time="2022-07-28T12:21:57-04:00" level=debug msg="Still waiting for the cluster to initialize: Working towards 4.10.3: 764 of 770 done (99% complete)"
time="2022-07-28T12:21:57-04:00" level=debug msg="Still waiting for the cluster to initialize: Working towards 4.10.3: 764 of 770 done (99% complete)"
time="2022-07-28T12:23:57-04:00" level=debug msg="Cluster is initialized"
time="2022-07-28T12:23:57-04:00" level=info msg="Waiting up to 10m0s (until 12:33PM) for the openshift-console route to be created..."
time="2022-07-28T12:23:57-04:00" level=debug msg="Route found in openshift-console namespace: console"
time="2022-07-28T12:23:57-04:00" level=debug msg="OpenShift console route is admitted"
time="2022-07-28T12:23:57-04:00" level=info msg="Install complete!"
time="2022-07-28T12:23:57-04:00" level=info msg="To access the cluster as the system:admin user when using 'oc', run 'export KUBECONFIG=/home/lab/ocp4/auth/kubeconfig'"
time="2022-07-28T12:23:57-04:00" level=info msg="Access the OpenShift web-console here: https://console-openshift-console.apps.ocp4.example.com"
time="2022-07-28T12:23:57-04:00" level=info msg="Login to the console with user: \"kubeadmin\", and password: \"WdBz8-mLKk9-yVN75-UhaiU\""
time="2022-07-28T12:23:57-04:00" level=debug msg="Time elapsed per stage:"
time="2022-07-28T12:23:57-04:00" level=debug msg="Cluster Operators: 3m56s"
time="2022-07-28T12:23:57-04:00" level=info msg="Time elapsed: 3m56s"
